<?xml version="1.0" encoding="UTF-8"?>
<!-- Generated by org.testng.reporters.JUnitReportReporter -->
<testsuite hostname="new-PC" failures="0" tests="2" name="practiceProgram.Parallel_Testing" time="21.557" errors="0" timestamp="2024-07-03T10:52:10 IST" skipped="0">
  <testcase classname="practiceProgram.Parallel_Testing" name="T2" time="8.613"/>
  <system-out/>
  <testcase classname="practiceProgram.Parallel_Testing" name="T1" time="12.944"/>
  <system-out/>
</testsuite> <!-- practiceProgram.Parallel_Testing -->
