<?xml version="1.0" encoding="UTF-8"?>
<!-- Generated by org.testng.reporters.JUnitReportReporter -->
<testsuite hostname="new-PC" failures="0" tests="2" name="FrameWork.TestClass" time="5.911" errors="0" timestamp="2024-05-05T21:47:26 IST" skipped="0">
  <testcase classname="FrameWork.TestClass" name="fill_data" time="5.634"/>
  <system-out/>
  <testcase classname="FrameWork.TestClass" name="clickLodin" time="0.277"/>
  <system-out/>
</testsuite> <!-- FrameWork.TestClass -->
