<?xml version="1.0" encoding="UTF-8"?>
<!-- Generated by org.testng.reporters.JUnitReportReporter -->
<testsuite hostname="new-PC" failures="0" tests="1" name="FrameWork.BaseClass" time="9.640" errors="0" timestamp="2024-05-19T10:52:18 IST" skipped="0">
  <testcase classname="FrameWork.BaseClass" name="newComplany" time="9.640"/>
  <system-out/>
</testsuite> <!-- FrameWork.BaseClass -->
