<?xml version="1.0" encoding="UTF-8"?>
<!-- Generated by org.testng.reporters.JUnitReportReporter -->
<testsuite hostname="new-PC" failures="0" tests="3" name="Test.TestNg2" time="0.034" errors="0" timestamp="2024-07-03T15:55:40 IST" skipped="0">
  <testcase classname="Test.TestNg2" name="c" time="0.004"/>
  <system-out/>
  <testcase classname="Test.TestNg2" name="b" time="0.024"/>
  <system-out/>
  <testcase classname="Test.TestNg2" name="d" time="0.006"/>
  <system-out/>
</testsuite> <!-- Test.TestNg2 -->
