<?xml version="1.0" encoding="UTF-8"?>
<!-- Generated by org.testng.reporters.JUnitReportReporter -->
<testsuite hostname="new-PC" failures="0" tests="31" name="Test.PracticProgram" time="0.050" errors="0" timestamp="2024-07-03T15:55:40 IST" skipped="29">
  <testcase classname="Test.PracticProgram" name="infinitloop" time="0.047"/>
  <system-out/>
  <testcase classname="Test.PracticProgram" name="numberTest" time="0.003"/>
  <system-out/>
  <testcase classname="Test.PracticProgram" name="arraySeprat">
    <skipped/>
  </testcase> <!-- arraySeprat -->
  <system-out/>
  <testcase classname="Test.PracticProgram" name="stringMethodsTest">
    <skipped/>
  </testcase> <!-- stringMethodsTest -->
  <system-out/>
  <testcase classname="Test.PracticProgram" name="handleWindow">
    <skipped/>
  </testcase> <!-- handleWindow -->
  <system-out/>
  <testcase classname="Test.PracticProgram" name="arrayTest">
    <skipped/>
  </testcase> <!-- arrayTest -->
  <system-out/>
  <testcase classname="Test.PracticProgram" name="StringFunctions">
    <skipped/>
  </testcase> <!-- StringFunctions -->
  <system-out/>
  <testcase classname="Test.PracticProgram" name="StringPalindrom">
    <skipped/>
  </testcase> <!-- StringPalindrom -->
  <system-out/>
  <testcase classname="Test.PracticProgram" name="PrintFirstTwoChatacterFromWord">
    <skipped/>
  </testcase> <!-- PrintFirstTwoChatacterFromWord -->
  <system-out/>
  <testcase classname="Test.PracticProgram" name="reverseString">
    <skipped/>
  </testcase> <!-- reverseString -->
  <system-out/>
  <testcase classname="Test.PracticProgram" name="findLinks">
    <skipped/>
  </testcase> <!-- findLinks -->
  <system-out/>
  <testcase classname="Test.PracticProgram" name="arrayRoot">
    <skipped/>
  </testcase> <!-- arrayRoot -->
  <system-out/>
  <testcase classname="Test.PracticProgram" name="stringReverse">
    <skipped/>
  </testcase> <!-- stringReverse -->
  <system-out/>
  <testcase classname="Test.PracticProgram" name="arraySort">
    <skipped/>
  </testcase> <!-- arraySort -->
  <system-out/>
  <testcase classname="Test.PracticProgram" name="TestLounch">
    <skipped/>
  </testcase> <!-- TestLounch -->
  <system-out/>
  <testcase classname="Test.PracticProgram" name="printASII_value">
    <skipped/>
  </testcase> <!-- printASII_value -->
  <system-out/>
  <testcase classname="Test.PracticProgram" name="stringTest">
    <skipped/>
  </testcase> <!-- stringTest -->
  <system-out/>
  <testcase classname="Test.PracticProgram" name="StringTesting">
    <skipped/>
  </testcase> <!-- StringTesting -->
  <system-out/>
  <testcase classname="Test.PracticProgram" name="testString">
    <skipped/>
  </testcase> <!-- testString -->
  <system-out/>
  <testcase classname="Test.PracticProgram" name="arrayReverse">
    <skipped/>
  </testcase> <!-- arrayReverse -->
  <system-out/>
  <testcase classname="Test.PracticProgram" name="vouvelsTest">
    <skipped/>
  </testcase> <!-- vouvelsTest -->
  <system-out/>
  <testcase classname="Test.PracticProgram" name="NewStringFromOld">
    <skipped/>
  </testcase> <!-- NewStringFromOld -->
  <system-out/>
  <testcase classname="Test.PracticProgram" name="stringChar">
    <skipped/>
  </testcase> <!-- stringChar -->
  <system-out/>
  <testcase classname="Test.PracticProgram" name="palidromString">
    <skipped/>
  </testcase> <!-- palidromString -->
  <system-out/>
  <testcase classname="Test.PracticProgram" name="StringTestSplit">
    <skipped/>
  </testcase> <!-- StringTestSplit -->
  <system-out/>
  <testcase classname="Test.PracticProgram" name="arrayDynamic">
    <skipped/>
  </testcase> <!-- arrayDynamic -->
  <system-out/>
  <testcase classname="Test.PracticProgram" name="StringTest">
    <skipped/>
  </testcase> <!-- StringTest -->
  <system-out/>
  <testcase classname="Test.PracticProgram" name="countWord">
    <skipped/>
  </testcase> <!-- countWord -->
  <system-out/>
  <testcase classname="Test.PracticProgram" name="swapNumber">
    <skipped/>
  </testcase> <!-- swapNumber -->
  <system-out/>
  <testcase classname="Test.PracticProgram" name="StringTesting2">
    <skipped/>
  </testcase> <!-- StringTesting2 -->
  <system-out/>
  <testcase classname="Test.PracticProgram" name="stringCharactorCount">
    <skipped/>
  </testcase> <!-- stringCharactorCount -->
  <system-out/>
</testsuite> <!-- Test.PracticProgram -->
